build/app/outputs/mapping/release/seeds.txt
com.example.sqin_task.MainActivity
com.example.sqin_task.MainActivity: MainActivity()
...
androidx.core.view.ViewCompat$Api21Impl: void setTranslationZ(android.view.View,float)
androidx.appcompat.widget.SearchView: int getInputType()
io.flutter.embedding.engine.FlutterOverlaySurface
androidx.window.layout.SidecarCompat: void registerConfigurationChangeListener(android.app.Activity)
androidx.appcompat.widget.AlertDialogLayout
androidx.window.embedding.EmbeddingCompat$Companion: EmbeddingCompat$Companion(kotlin.jvm.internal.DefaultConstructorMarker)
com.google.android.gms.internal.firebase-auth-api.zznp
com.google.android.gms.auth.api.signin.GoogleSignInAccount: android.os.Parcelable$Creator CREATOR
androidx.appcompat.widget.AppCompatRadioButton: void setButtonDrawable(int)
com.google.firebase.auth.UserProfileChangeRequest: android.os.Parcelable$Creator CREATOR
androidx.core.graphics.drawable.DrawableCompat$Api23Impl: int getLayoutDirection(android.graphics.drawable.Drawable)
com.google.android.gms.internal.measurement.zzfa: com.google.android.gms.internal.measurement.zzfa zza
androidx.core.widget.TextViewCompat$Api28Impl: java.lang.String[] getDigitStrings(android.icu.text.DecimalFormatSymbols)
io.flutter.embedding.engine.mutatorsstack.FlutterMutatorsStack: void pushClipRRect(int,int,int,int,float[])
io.flutter.view.AccessibilityBridge$Flag: io.flutter.view.AccessibilityBridge$Flag valueOf(java.lang.String)
io.flutter.view.AccessibilityViewEmbedder: java.util.Map embeddedViewToDisplayBounds
androidx.core.graphics.drawable.IconCompat$Api23Impl: android.net.Uri getUri(java.lang.Object)
kotlin.jvm.internal.FunctionReference: int flags
androidx.core.widget.PopupWindowCompat$Api23Impl: int getWindowLayoutType(android.widget.PopupWindow)
androidx.window.layout.ExtensionWindowLayoutInfoBackend: java.util.Map listenerToActivity
kotlin.coroutines.AbstractCoroutineContextElement: java.lang.Object fold(java.lang.Object,kotlin.jvm.functions.Function2)
androidx.appcompat.widget.ActionBarContainer: void setTransitioning(boolean)
com.google.android.gms.safetynet.zzh: android.os.Parcelable$Creator CREATOR
androidx.appcompat.widget.AppCompatButton: int getAutoSizeTextType()
io.flutter.embedding.engine.mutatorsstack.FlutterMutatorsStack: java.util.List getMutators()
androidx.window.layout.WindowMetricsCalculatorDecorator
com.google.android.gms.internal.firebase-auth-api.zzlf: int zze
androidx.window.core.Bounds: int getLeft()
kotlin.coroutines.jvm.internal.BaseContinuationImpl: kotlin.coroutines.Continuation create(java.lang.Object,kotlin.coroutines.Continuation)
androidx.window.layout.DisplayCompatHelperApi17: androidx.window.layout.DisplayCompatHelperApi17 INSTANCE
androidx.core.hardware.fingerprint.FingerprintManagerCompat$Api23Impl: androidx.core.hardware.fingerprint.FingerprintManagerCompat$CryptoObject unwrapCryptoObject(java.lang.Object)
com.google.android.gms.internal.measurement.zzej: boolean zzm
androidx.window.embedding.SplitController: androidx.window.embedding.SplitController access$getGlobalInstance$cp()
androidx.appcompat.widget.ActionBarOverlayLayout: ActionBarOverlayLayout(android.content.Context,android.util.AttributeSet)
androidx.window.embedding.MatcherUtils: boolean wildcardMatch(java.lang.String,java.lang.String)
com.google.android.gms.measurement.internal.AppMeasurementDynamiteService: void onActivityDestroyed(com.google.android.gms.dynamic.IObjectWrapper,long)
com.google.android.gms.internal.firebase-auth-api.zziv: com.google.android.gms.internal.firebase-auth-api.zziv zzb
com.google.firebase.auth.PlayGamesAuthCredential: android.os.Parcelable$Creator CREATOR
io.flutter.view.AccessibilityBridge$AccessibilityFeature: io.flutter.view.AccessibilityBridge$AccessibilityFeature valueOf(java.lang.String)
androidx.appcompat.widget.ViewStubCompat: android.view.LayoutInflater getLayoutInflater()
kotlin.coroutines.jvm.internal.BaseContinuationImpl: void releaseIntercepted()
androidx.core.widget.CompoundButtonCompat$Api21Impl: void setButtonTintList(android.widget.CompoundButton,android.content.res.ColorStateList)