build/app/outputs/mapping/release/mapping.txt
# compiler: R8
# compiler_version: 2.1.62
# min_api: 28
# pg_map_id: 50e998a
# common_typos_disable
...
androidx.biometric.BiometricViewModel$1 -> androidx.biometric.f$a:
androidx.biometric.BiometricViewModel$CallbackListener -> androidx.biometric.f$b:
    java.lang.ref.WeakReference mViewModelRef -> a
    void onError(int,java.lang.CharSequence) -> a
    void onFailure() -> b
    void onHelp(java.lang.CharSequence) -> c
    void onSuccess(androidx.biometric.BiometricPrompt$AuthenticationResult) -> d
androidx.biometric.BiometricViewModel$DefaultExecutor -> androidx.biometric.f$c:
    android.os.Handler mHandler -> n
androidx.biometric.BiometricViewModel$NegativeButtonListener -> androidx.biometric.f$d:
    java.lang.ref.WeakReference mViewModelRef -> n
androidx.biometric.CancellationSignalProvider -> androidx.biometric.g:
    androidx.core.os.CancellationSignal mFingerprintCancellationSignal -> c
    android.os.CancellationSignal mBiometricCancellationSignal -> b
    androidx.biometric.CancellationSignalProvider$Injector mInjector -> a
    void cancel() -> a
    android.os.CancellationSignal getBiometricCancellationSignal() -> b
    androidx.core.os.CancellationSignal getFingerprintCancellationSignal() -> c
androidx.biometric.CancellationSignalProvider$1 -> androidx.biometric.g$a:
    android.os.CancellationSignal getBiometricCancellationSignal() -> a
    androidx.core.os.CancellationSignal getFingerprintCancellationSignal() -> b
androidx.biometric.CancellationSignalProvider$Api16Impl -> androidx.biometric.g$b:
    void cancel(android.os.CancellationSignal) -> a
    android.os.CancellationSignal create() -> b
androidx.biometric.CancellationSignalProvider$Injector -> androidx.biometric.g$c:
    android.os.CancellationSignal getBiometricCancellationSignal() -> a
    androidx.core.os.CancellationSignal getFingerprintCancellationSignal() -> b
androidx.biometric.CryptoObjectUtils -> androidx.biometric.h:
    androidx.biometric.BiometricPrompt$CryptoObject createFakeCryptoObject() -> a
    androidx.biometric.BiometricPrompt$CryptoObject unwrapFromBiometricPrompt(android.hardware.biometrics.BiometricPrompt$CryptoObject) -> b
    androidx.biometric.BiometricPrompt$CryptoObject unwrapFromFingerprintManager(androidx.core.hardware.fingerprint.FingerprintManagerCompat$CryptoObject) -> c
    android.hardware.biometrics.BiometricPrompt$CryptoObject wrapForBiometricPrompt(androidx.biometric.BiometricPrompt$CryptoObject) -> d
    androidx.core.hardware.fingerprint.FingerprintManagerCompat$CryptoObject wrapForFingerprintManager(androidx.biometric.BiometricPrompt$CryptoObject) -> e
androidx.biometric.CryptoObjectUtils$Api23Impl -> androidx.biometric.h$a:
    android.security.keystore.KeyGenParameterSpec buildKeyGenParameterSpec(android.security.keystore.KeyGenParameterSpec$Builder) -> a
    android.security.keystore.KeyGenParameterSpec$Builder createKeyGenParameterSpecBuilder(java.lang.String,int) -> b
    void initKeyGenerator(javax.crypto.KeyGenerator,android.security.keystore.KeyGenParameterSpec) -> c
    void setBlockModeCBC(android.security.keystore.KeyGenParameterSpec$Builder) -> d
    void setEncryptionPaddingPKCS7(android.security.keystore.KeyGenParameterSpec$Builder) -> e
androidx.biometric.CryptoObjectUtils$Api28Impl -> androidx.biometric.h$b:
    android.hardware.biometrics.BiometricPrompt$CryptoObject create(java.security.Signature) -> a
    android.hardware.biometrics.BiometricPrompt$CryptoObject create(javax.crypto.Cipher) -> b
    android.hardware.biometrics.BiometricPrompt$CryptoObject create(javax.crypto.Mac) -> c
    javax.crypto.Cipher getCipher(android.hardware.biometrics.BiometricPrompt$CryptoObject) -> d
    javax.crypto.Mac getMac(android.hardware.biometrics.BiometricPrompt$CryptoObject) -> e
    java.security.Signature getSignature(android.hardware.biometrics.BiometricPrompt$CryptoObject) -> f