build/app/outputs/mapping/release/usage.txt
com.example.sqin_task.R$anim
com.example.sqin_task.R$raw
com.example.sqin_task.R$layout
com.example.sqin_task.R$string
com.example.sqin_task.R$array
com.example.sqin_task.R$id
com.example.sqin_task.R$style
com.example.sqin_task.BuildConfig
com.example.sqin_task.R$attr
com.example.sqin_task.R
com.example.sqin_task.R$animator
com.example.sqin_task.R$bool
com.example.sqin_task.R$drawable
com.example.sqin_task.R$xml
com.example.sqin_task.R$integer
com.example.sqin_task.R$interpolator
com.example.sqin_task.R$mipmap
com.example.sqin_task.R$color
com.example.sqin_task.R$dimen
com.example.sqin_task.R$styleable
...
com.tekartik.sqflite.LogLevel:
    public void <init>()
    static final int none
    static final int sql
    static final int verbose
com.google.common.escape.CharEscaperBuilder$CharArrayDecorator
com.google.common.reflect.TypeResolver$TypeVariableKey
kotlin.time.AdjustedTimeMark
com.google.android.gms.internal.firebase-auth-api.zzwd:
    public final void zzh(com.google.android.gms.internal.firebase-auth-api.zzqo,com.google.android.gms.internal.firebase-auth-api.zzwb)
    public final void zzi(com.google.android.gms.internal.firebase-auth-api.zzqq,com.google.android.gms.internal.firebase-auth-api.zzwb)
    public final void zzs(com.google.android.gms.internal.firebase-auth-api.zzrk,com.google.android.gms.internal.firebase-auth-api.zzwb)
    public final void zzB(com.google.android.gms.internal.firebase-auth-api.zzsc,com.google.android.gms.internal.firebase-auth-api.zzwb)
com.google.common.base.Equivalence$Identity
com.google.common.collect.MultimapBuilder$MultimapBuilderWithKeys$6
androidx.appcompat.R$styleable:
    private void <init>()
    public static final int ActionBar_contentInsetEndWithActions
    public static final int ActionBar_contentInsetLeft
    public static final int ActionBar_contentInsetRight
    public static final int ActionBar_contentInsetStartWithNavigation
    public static final int ActionBar_divider
    public static final int ActionBar_homeLayout
    public static final int ActionBar_indeterminateProgressStyle
    public static final int ActionBar_itemPadding
    public static final int ActionBar_navigationMode
    public static final int ActionBar_progressBarPadding
    public static final int ActionBar_progressBarStyle
    public static final int ActionMode_backgroundSplit
    public static final int ActivityChooserView_expandActivityOverflowButtonDrawable
    public static final int ActivityChooserView_initialActivityCount
    public static final int AnimatedStateListDrawableCompat_android_dither
    public static final int AnimatedStateListDrawableCompat_android_visible
    public static final int AnimatedStateListDrawableCompat_android_variablePadding
    public static final int AnimatedStateListDrawableCompat_android_constantSize
    public static final int AnimatedStateListDrawableCompat_android_enterFadeDuration
    public static final int AnimatedStateListDrawableCompat_android_exitFadeDuration
    public static final int AnimatedStateListDrawableItem_android_id
androidx.concurrent.futures.AbstractResolvableFuture$Failure
com.google.common.cache.LocalCache$AccessQueue
androidx.appcompat.app.AlertController:
    public void setButtonPanelLayoutHint(int)
    public android.widget.Button getButton(int)
com.google.common.collect.Maps$EntryFunction
com.google.android.gms.internal.measurement.zzlu:
    void <init>()
com.google.android.gms.measurement.AppMeasurement$EventInterceptor
com.google.common.hash.Hashing$LinearCongruentialGenerator
com.google.common.collect.AbstractMapBasedMultimap$AsMap
com.google.common.util.concurrent.GwtFluentFutureCatchingSpecialization
kotlin.reflect.KTypeProjection$WhenMappings
androidx.annotation.DoNotInline
android.support.v4.os.ResultReceiver$MyResultReceiver